<?xml version="1.0" encoding="UTF-8"?>
<!-- Generated by org.testng.reporters.JUnitReportReporter -->
<testsuite hostname="MSI" failures="0" tests="1" name="TestCases.Test2" time="7.963" errors="0" timestamp="29 May 2021 06:34:13 GMT" skipped="0">
  <testcase classname="TestCases.Test2" name="verifyLogInfunctionality" time="7.963"/>
</testsuite> <!-- TestCases.Test2 -->
