<?xml version="1.0" encoding="UTF-8"?>
<!-- Generated by org.testng.reporters.JUnitReportReporter -->
<testsuite hostname="MSI" failures="0" tests="1" name="TestCases.Test1" time="3.952" errors="0" timestamp="29 May 2021 06:34:13 GMT" skipped="0">
  <testcase classname="TestCases.Test1" name="openBrowser" time="3.952"/>
</testsuite> <!-- TestCases.Test1 -->
