<?xml version="1.0" encoding="UTF-8"?>
<!-- Generated by org.testng.reporters.JUnitReportReporter -->
<testsuite hostname="MSI" failures="0" tests="8" name="Parallel.ParallelRun" time="89.433" errors="0" timestamp="10 Oct 2021 07:22:02 GMT" skipped="0">
  <testcase classname="Parallel.ParallelRun" name="runScenario" time="10.990"/>
  <testcase classname="Parallel.ParallelRun" name="runScenario" time="11.112"/>
  <testcase classname="Parallel.ParallelRun" name="runScenario" time="11.953"/>
  <testcase classname="Parallel.ParallelRun" name="runScenario" time="11.678"/>
  <testcase classname="Parallel.ParallelRun" name="runScenario" time="11.799"/>
  <testcase classname="Parallel.ParallelRun" name="runScenario" time="11.090"/>
  <testcase classname="Parallel.ParallelRun" name="runScenario" time="10.582"/>
  <testcase classname="Parallel.ParallelRun" name="runScenario" time="10.229"/>
</testsuite> <!-- Parallel.ParallelRun -->
