<?xml version="1.0" encoding="UTF-8"?>
<!-- Generated by org.testng.reporters.JUnitReportReporter -->
<testsuite hostname="MSI" failures="0" tests="8" name="Parallel.ParallelRun" time="284.668" errors="0" timestamp="14 Aug 2021 09:56:28 GMT" skipped="0">
  <testcase classname="Parallel.ParallelRun" name="runScenario" time="34.008"/>
  <testcase classname="Parallel.ParallelRun" name="runScenario" time="38.096"/>
  <testcase classname="Parallel.ParallelRun" name="runScenario" time="34.193"/>
  <testcase classname="Parallel.ParallelRun" name="runScenario" time="36.264"/>
  <testcase classname="Parallel.ParallelRun" name="runScenario" time="37.831"/>
  <testcase classname="Parallel.ParallelRun" name="runScenario" time="34.007"/>
  <testcase classname="Parallel.ParallelRun" name="runScenario" time="34.022"/>
  <testcase classname="Parallel.ParallelRun" name="runScenario" time="36.247"/>
</testsuite> <!-- Parallel.ParallelRun -->
