<?xml version="1.0" encoding="UTF-8"?>
<!-- Generated by org.testng.reporters.JUnitReportReporter -->
<testsuite hostname="MSI" failures="0" tests="1" name="Runner.ReRunner" time="0.000" errors="0" timestamp="10 Jul 2021 07:48:39 GMT" skipped="1">
  <testcase classname="Runner.ReRunner" name="feature" time="0.000">
    <skipped/>
  </testcase> <!-- feature -->
</testsuite> <!-- Runner.ReRunner -->
